[2026-02-02 01:00:01] Wakelock acquired
[2026-02-02 01:00:01] Wakelock acquired
[2026-02-02 01:00:06] === STARTING ULTIMATE SYSTEM ===
[2026-02-02 01:00:07] Wakelock acquired
[2026-02-02 01:00:07] Starting SACS multi-process system...
[2026-02-02 01:00:07] Starting all SACS processes with auto-restart wrappers...
[2026-02-02 01:00:08] Wakelock acquired
[2026-02-02 01:00:08] Created tmux session: sacs_stable
[2026-02-02 01:00:08] Started wrapped process: phase1
[2026-02-02 01:00:08] Started wrapped process: ultimate2
[2026-02-02 01:00:08] Started wrapped process: no-mitm
[2026-02-02 01:00:08] Started wrapped process: hypertoxin
[2026-02-02 01:00:08] Started wrapped process: pso
[2026-02-02 01:00:08] All processes started with auto-restart protection
open terminal failed: not a terminal
[2026-02-02 01:00:10] SACS processes started
[2026-02-02 01:00:12] Starting Ultra-Effective PSA broadcast...
[2026-02-02 01:00:12] PSA Ultra broadcast started
[2026-02-02 01:00:12] === ULTIMATE SYSTEM OPERATIONAL ===
[2026-02-02 01:00:53] === STARTING ULTIMATE SYSTEM ===
[2026-02-02 01:00:53] Wakelock acquired
[2026-02-02 01:00:53] SACS already running
[2026-02-02 01:00:55] PSA already running
[2026-02-02 01:00:55] === ULTIMATE SYSTEM OPERATIONAL ===
[2026-02-02 02:02:49] === STARTING ULTIMATE SYSTEM ===
[2026-02-02 02:02:50] Wakelock acquired
[2026-02-02 02:02:50] Starting SACS multi-process system...
[2026-02-02 02:02:50] Starting all SACS processes with auto-restart wrappers...
[2026-02-02 02:02:51] Wakelock acquired
[2026-02-02 02:02:51] Created tmux session: sacs_stable
[2026-02-02 02:02:51] Started wrapped process: phase1
[2026-02-02 02:02:51] Started wrapped process: ultimate2
[2026-02-02 02:02:51] Started wrapped process: no-mitm
[2026-02-02 02:02:51] Started wrapped process: hypertoxin
[2026-02-02 02:02:51] Started wrapped process: pso
[2026-02-02 02:02:51] All processes started with auto-restart protection
open terminal failed: not a terminal
[2026-02-02 02:02:53] SACS processes started
[2026-02-02 02:02:55] Starting Ultra-Effective PSA broadcast...
[2026-02-02 02:02:55] PSA Ultra broadcast started
[2026-02-02 02:02:55] === ULTIMATE SYSTEM OPERATIONAL ===
[2026-02-02 02:19:34] === STARTING ULTIMATE SYSTEM ===
[2026-02-02 02:19:36] Wakelock acquired
[2026-02-02 02:19:36] SACS already running
[2026-02-02 02:19:38] PSA already running
[2026-02-02 02:19:38] === ULTIMATE SYSTEM OPERATIONAL ===
[2026-02-02 02:27:00] === ULTIMATE SETUP v2.0 ===
[2026-02-02 02:27:00] Setting up cron monitoring...
[2026-02-02 02:27:01] Cron monitoring configured
[2026-02-02 02:27:01] Setting up boot auto-start...
[2026-02-02 02:27:01] Boot script configured
[2026-02-02 02:27:01] Configuring instant bashrc restart...
[2026-02-02 02:28:00] Watchdog check...
[2026-02-02 02:28:00] Watchdog check...
[2026-02-02 02:28:00] CLOSURE DETECTED: Heartbeat age 5279s
[2026-02-02 02:28:00] CLOSURE DETECTED: Heartbeat age 5279s
[2026-02-02 02:28:01] Wakelock acquired
[2026-02-02 02:28:01] Wakelock acquired
[2026-02-02 02:29:00] Watchdog check...
[2026-02-02 02:29:00] Watchdog check...
[2026-02-02 02:29:01] Wakelock acquired
[2026-02-02 02:29:01] Wakelock acquired
[2026-02-02 02:30:00] Watchdog check...
[2026-02-02 02:30:00] Watchdog check...
