[2026-02-02 00:00:01] Wakelock acquired
[2026-02-02 00:00:01] Wakelock acquired
[2026-02-02 00:08:41] === ULTIMATE SETUP v2.0 ===
[2026-02-02 00:08:42] Setting up cron monitoring...
[2026-02-02 00:08:43] Cron monitoring configured
[2026-02-02 00:08:43] Setting up boot auto-start...
[2026-02-02 00:08:43] Boot script configured
[2026-02-02 00:08:43] Configuring instant bashrc restart...
[2026-02-02 00:08:43] Bashrc configured
[2026-02-02 00:08:43] === STARTING ULTIMATE SYSTEM ===
[2026-02-02 00:08:44] Wakelock acquired
[2026-02-02 00:08:44] Starting SACS multi-process system...
[2026-02-02 00:08:44] Starting all SACS processes with auto-restart wrappers...
[2026-02-02 00:08:44] Wakelock acquired
[2026-02-02 00:08:44] Created tmux session: sacs_stable
[2026-02-02 00:08:44] Started wrapped process: phase1
[2026-02-02 00:08:45] Started wrapped process: ultimate2
[2026-02-02 00:08:45] Started wrapped process: no-mitm
[2026-02-02 00:08:45] Started wrapped process: hypertoxin
[2026-02-02 00:08:45] Started wrapped process: pso
[2026-02-02 00:08:45] All processes started with auto-restart protection
open terminal failed: not a terminal
[2026-02-02 00:08:47] SACS processes started
[2026-02-02 00:08:49] Starting Ultra-Effective PSA broadcast...
[2026-02-02 00:08:49] PSA Ultra broadcast started
[2026-02-02 00:08:49] === ULTIMATE SYSTEM OPERATIONAL ===
[2026-02-02 00:09:00] Watchdog check...
[2026-02-02 00:09:00] Watchdog check...
[2026-02-02 00:09:00] Wakelock acquired
[2026-02-02 00:09:00] Wakelock acquired
[2026-02-02 00:10:00] Watchdog check...
[2026-02-02 00:10:00] Watchdog check...
[2026-02-02 00:10:01] Wakelock acquired
[2026-02-02 00:10:01] Wakelock acquired
[2026-02-02 00:10:55] === ULTIMATE SETUP v2.0 ===
[2026-02-02 00:10:55] Setting up cron monitoring...
[2026-02-02 00:10:57] Cron monitoring configured
[2026-02-02 00:10:57] Setting up boot auto-start...
[2026-02-02 00:10:57] Boot script configured
[2026-02-02 00:10:57] Configuring instant bashrc restart...
[2026-02-02 00:10:57] Bashrc configured
[2026-02-02 00:10:57] === STARTING ULTIMATE SYSTEM ===
[2026-02-02 00:10:58] Wakelock acquired
[2026-02-02 00:10:58] SACS already running
[2026-02-02 00:11:00] PSA already running
[2026-02-02 00:11:00] Watchdog check...
[2026-02-02 00:11:00] Watchdog check...
[2026-02-02 00:11:00] === ULTIMATE SYSTEM OPERATIONAL ===
[2026-02-02 00:11:00] Wakelock acquired
[2026-02-02 00:11:00] Wakelock acquired
[2026-02-02 00:12:00] Watchdog check...
[2026-02-02 00:12:00] Watchdog check...
[2026-02-02 00:12:01] Wakelock acquired
[2026-02-02 00:12:01] Wakelock acquired
[2026-02-02 00:13:00] Watchdog check...
[2026-02-02 00:13:00] Watchdog check...
[2026-02-02 00:13:01] Wakelock acquired
[2026-02-02 00:13:01] Wakelock acquired
[2026-02-02 00:14:00] Watchdog check...
[2026-02-02 00:14:00] Watchdog check...
[2026-02-02 00:14:01] Wakelock acquired
[2026-02-02 00:14:01] Wakelock acquired
[2026-02-02 00:15:00] Watchdog check...
[2026-02-02 00:15:00] Watchdog check...
[2026-02-02 00:15:01] Wakelock acquired
[2026-02-02 00:15:01] Wakelock acquired
[2026-02-02 00:16:00] Watchdog check...
[2026-02-02 00:16:00] Watchdog check...
[2026-02-02 00:16:01] Wakelock acquired
[2026-02-02 00:16:01] Wakelock acquired
[2026-02-02 00:17:00] Watchdog check...
[2026-02-02 00:17:00] Watchdog check...
[2026-02-02 00:17:01] Wakelock acquired
[2026-02-02 00:17:01] Wakelock acquired
[2026-02-02 00:17:42] === STARTING ULTIMATE SYSTEM ===
[2026-02-02 00:17:43] Wakelock acquired
[2026-02-02 00:17:43] SACS already running
[2026-02-02 00:17:45] PSA already running
[2026-02-02 00:17:45] === ULTIMATE SYSTEM OPERATIONAL ===
[2026-02-02 00:18:00] Watchdog check...
[2026-02-02 00:18:00] Watchdog check...
[2026-02-02 00:18:01] Wakelock acquired
[2026-02-02 00:18:01] Wakelock acquired
[2026-02-02 00:19:00] Watchdog check...
[2026-02-02 00:19:00] Watchdog check...
[2026-02-02 00:19:01] Wakelock acquired
[2026-02-02 00:19:01] Wakelock acquired
[2026-02-02 00:20:00] Watchdog check...
[2026-02-02 00:20:00] Watchdog check...
[2026-02-02 00:20:01] Wakelock acquired
[2026-02-02 00:20:01] Wakelock acquired
[2026-02-02 00:21:00] Watchdog check...
[2026-02-02 00:21:00] Watchdog check...
[2026-02-02 00:21:01] Wakelock acquired
[2026-02-02 00:21:01] Wakelock acquired
[2026-02-02 00:22:00] Watchdog check...
[2026-02-02 00:22:00] Watchdog check...
[2026-02-02 00:22:01] Wakelock acquired
[2026-02-02 00:22:01] Wakelock acquired
[2026-02-02 00:23:00] Watchdog check...
[2026-02-02 00:23:00] Watchdog check...
[2026-02-02 00:23:01] Wakelock acquired
[2026-02-02 00:23:01] Wakelock acquired
[2026-02-02 00:24:00] Watchdog check...
[2026-02-02 00:24:00] Watchdog check...
[2026-02-02 00:24:01] Wakelock acquired
[2026-02-02 00:24:01] Wakelock acquired
[2026-02-02 00:25:00] Watchdog check...
[2026-02-02 00:25:00] Watchdog check...
[2026-02-02 00:25:00] Wakelock acquired
[2026-02-02 00:25:00] Wakelock acquired
[2026-02-02 00:26:01] Watchdog check...
[2026-02-02 00:26:01] Watchdog check...
[2026-02-02 00:26:01] Wakelock acquired
[2026-02-02 00:26:01] Wakelock acquired
[2026-02-02 00:27:01] Watchdog check...
[2026-02-02 00:27:01] Watchdog check...
[2026-02-02 00:27:01] Wakelock acquired
[2026-02-02 00:27:01] Wakelock acquired
[2026-02-02 00:28:00] Watchdog check...
[2026-02-02 00:28:00] Watchdog check...
[2026-02-02 00:28:01] Wakelock acquired
[2026-02-02 00:28:01] Wakelock acquired
[2026-02-02 00:29:00] Watchdog check...
[2026-02-02 00:29:00] Watchdog check...
[2026-02-02 00:29:01] Wakelock acquired
[2026-02-02 00:29:01] Wakelock acquired
[2026-02-02 00:30:00] Watchdog check...
[2026-02-02 00:30:00] Watchdog check...
