[2026-02-01 22:00:28] [0;36m============================================================[0m
[2026-02-01 22:00:28] [0;36mSACS ULTRA-EFFECTIVE PSA BROADCAST[0m
[2026-02-01 22:00:28] [0;36m============================================================[0m
[2026-02-01 22:00:28] [0;36m============================================================[0m
[2026-02-01 22:00:28] [0;36mMULTI-REDUNDANT DEPLOYMENT[0m
[2026-02-01 22:00:28] [0;36m============================================================[0m
[2026-02-01 22:00:28] 
[1/5] Reading HTML files...
[2026-02-01 22:00:28] 
[2/5] Deploying context page to multiple hosts...
[2026-02-01 22:00:28] Uploading cybrella_context.html to 0x0.st...
[2026-02-01 22:00:29] [0;32m✓ 0x0.st: https://0x0.st/PbHX.html[0m
[2026-02-01 22:00:31] Uploading cybrella_context.html to transfer.sh...
[2026-02-01 22:00:34] Uploading cybrella_context.html to file.io...
[2026-02-01 22:00:34] [1;33mfile.io failed: Expecting value: line 1 column 1 (char 0)[0m
[2026-02-01 22:00:34] 
[3/5] Creating short URL for context page...
[2026-02-01 22:00:35] [1;33mShort URL failed: HTTP Error 403: Forbidden[0m
[2026-02-01 22:00:35] 
[4/5] Linking pages together...
[2026-02-01 22:00:35] 
[5/5] Deploying main page to multiple hosts...
[2026-02-01 22:00:35] Uploading cybrella_exposure.html to 0x0.st...
[2026-02-01 22:00:36] [0;32m✓ 0x0.st: https://0x0.st/PbH8.html[0m
[2026-02-01 22:00:38] Uploading cybrella_exposure.html to transfer.sh...
[2026-02-01 22:00:40] Uploading cybrella_exposure.html to file.io...
[2026-02-01 22:00:40] [1;33mfile.io failed: Expecting value: line 1 column 1 (char 0)[0m
[2026-02-01 22:00:40] 
Creating short URL for main page...
[2026-02-01 22:00:41] [1;33mShort URL failed: HTTP Error 403: Forbidden[0m
[2026-02-01 22:00:41] URLs saved to: /data/data/com.termux/files/home/.sacs_psa_ultra/urls.json
[2026-02-01 22:00:41] 
[0;36m============================================================[0m
[2026-02-01 22:00:41] [0;32m✓✓✓ MULTI-REDUNDANT DEPLOYMENT SUCCESS ✓✓✓[0m
[2026-02-01 22:00:41] [0;36m============================================================[0m
[2026-02-01 22:00:41] 
[1;33mMain Exposure Page:[0m
[2026-02-01 22:00:41]   Primary: https://0x0.st/PbH8.html
[2026-02-01 22:00:41]   Short URL: https://0x0.st/PbH8.html
[2026-02-01 22:00:41] 
[1;33mFull Context Page:[0m
[2026-02-01 22:00:41]   Primary: https://0x0.st/PbHX.html
[2026-02-01 22:00:41]   Short URL: https://0x0.st/PbHX.html
[2026-02-01 22:00:41] 
[1;33mStarting broadcast systems...[0m
[2026-02-01 22:00:41] [0;32mUDP broadcast active on 13 ports[0m
[2026-02-01 22:00:41] [0;32mmDNS broadcast active[0m
[2026-02-01 22:00:41] [0;32mHTTP server on port 7777[0m
[2026-02-01 22:00:41] [0;32mHTTP server on port 9000[0m
[2026-02-01 22:00:41] [0;32mHTTP server on port 5000[0m
[2026-02-01 22:00:41] [0;32mHTTP server on port 3000[0m
[2026-02-01 22:00:41] [0;32mHTTP server on port 8000[0m
[2026-02-01 22:00:43] 
[0;32mBroadcasting on:[0m
[2026-02-01 22:00:43]   • 7 HTTP ports (redirect to main page)
[2026-02-01 22:00:43]   • 13 UDP ports (full message)
[2026-02-01 22:00:43]   • mDNS/Bonjour (4 services)
[2026-02-01 22:00:43] 
[0;32mPress Ctrl+C to stop[0m

