[2026-02-01 22:00:20] === ULTIMATE SETUP v2.0 ===
[2026-02-01 22:00:20] Setting up cron monitoring...
[2026-02-01 22:00:21] Cron monitoring configured
[2026-02-01 22:00:21] Setting up boot auto-start...
[2026-02-01 22:00:21] Boot script configured
[2026-02-01 22:00:21] Configuring instant bashrc restart...
[2026-02-01 22:00:21] Bashrc configured
[2026-02-01 22:00:21] === STARTING ULTIMATE SYSTEM ===
[2026-02-01 22:00:22] Wakelock acquired
[2026-02-01 22:00:22] Starting SACS multi-process system...
[2026-02-01 22:00:22] Starting all SACS processes with auto-restart wrappers...
[2026-02-01 22:00:23] Wakelock acquired
[2026-02-01 22:00:23] Created tmux session: sacs_stable
[2026-02-01 22:00:23] Started wrapped process: phase1
[2026-02-01 22:00:23] Started wrapped process: ultimate2
[2026-02-01 22:00:23] Started wrapped process: no-mitm
[2026-02-01 22:00:23] Started wrapped process: hypertoxin
[2026-02-01 22:00:23] Started wrapped process: pso
[2026-02-01 22:00:23] All processes started with auto-restart protection
open terminal failed: not a terminal
[2026-02-01 22:00:25] SACS processes started
[2026-02-01 22:00:27] Starting Ultra-Effective PSA broadcast...
[2026-02-01 22:00:27] PSA Ultra broadcast started
[2026-02-01 22:00:27] === ULTIMATE SYSTEM OPERATIONAL ===
[2026-02-01 22:01:00] Watchdog check...
[2026-02-01 22:01:00] Watchdog check...
[2026-02-01 22:01:01] Wakelock acquired
[2026-02-01 22:01:01] Wakelock acquired
