[2026-02-01 15:24:04] === ULTIMATE SETUP v2.0 ===
[2026-02-01 15:24:04] Setting up cron monitoring...
[2026-02-01 15:24:05] Cron monitoring configured
[2026-02-01 15:24:05] Setting up boot auto-start...
[2026-02-01 15:24:05] Boot script configured
[2026-02-01 15:24:05] Configuring instant bashrc restart...
[2026-02-01 15:24:05] Bashrc configured
[2026-02-01 15:24:05] === STARTING ULTIMATE SYSTEM ===
[2026-02-01 15:24:06] Wakelock acquired
[2026-02-01 15:24:06] Starting SACS multi-process system...
[2026-02-01 15:24:06] \033[1;33msacs-auto.sh not found\033[0m
[2026-02-01 15:24:09] Starting Ultra-Effective PSA broadcast...
[2026-02-01 15:24:09] PSA Ultra broadcast started
[2026-02-01 15:24:09] === ULTIMATE SYSTEM OPERATIONAL ===
[2026-02-01 15:25:00] Watchdog check...
[2026-02-01 15:25:00] Watchdog check...
[2026-02-01 15:25:00] WARNING: SACS dead, restarting
[2026-02-01 15:25:00] WARNING: SACS dead, restarting
[2026-02-01 15:25:00] Starting SACS multi-process system...
[2026-02-01 15:25:00] Starting SACS multi-process system...
[2026-02-01 15:25:00] \033[1;33msacs-auto.sh not found\033[0m
[2026-02-01 15:25:00] \033[1;33msacs-auto.sh not found\033[0m
[2026-02-01 15:25:01] Wakelock acquired
[2026-02-01 15:25:01] Wakelock acquired
[2026-02-01 15:26:00] Watchdog check...
[2026-02-01 15:26:00] Watchdog check...
[2026-02-01 15:26:00] WARNING: SACS dead, restarting
[2026-02-01 15:26:00] WARNING: SACS dead, restarting
[2026-02-01 15:26:00] Starting SACS multi-process system...
[2026-02-01 15:26:00] Starting SACS multi-process system...
[2026-02-01 15:26:00] \033[1;33msacs-auto.sh not found\033[0m
[2026-02-01 15:26:00] \033[1;33msacs-auto.sh not found\033[0m
[2026-02-01 15:26:01] Wakelock acquired
[2026-02-01 15:26:01] Wakelock acquired
[2026-02-01 15:27:01] Watchdog check...
[2026-02-01 15:27:01] Watchdog check...
[2026-02-01 15:27:01] WARNING: SACS dead, restarting
[2026-02-01 15:27:01] WARNING: SACS dead, restarting
[2026-02-01 15:27:01] Starting SACS multi-process system...
[2026-02-01 15:27:01] Starting SACS multi-process system...
[2026-02-01 15:27:01] \033[1;33msacs-auto.sh not found\033[0m
[2026-02-01 15:27:01] \033[1;33msacs-auto.sh not found\033[0m
[2026-02-01 15:27:01] Wakelock acquired
[2026-02-01 15:27:01] Wakelock acquired
[2026-02-01 15:28:00] Watchdog check...
[2026-02-01 15:28:00] Watchdog check...
[2026-02-01 15:28:00] WARNING: SACS dead, restarting
[2026-02-01 15:28:00] WARNING: SACS dead, restarting
[2026-02-01 15:28:00] Starting SACS multi-process system...
[2026-02-01 15:28:00] Starting SACS multi-process system...
[2026-02-01 15:28:00] \033[1;33msacs-auto.sh not found\033[0m
[2026-02-01 15:28:00] \033[1;33msacs-auto.sh not found\033[0m
[2026-02-01 15:28:01] Wakelock acquired
[2026-02-01 15:28:01] Wakelock acquired
[2026-02-01 15:29:00] Watchdog check...
[2026-02-01 15:29:00] Watchdog check...
[2026-02-01 15:29:00] WARNING: SACS dead, restarting
[2026-02-01 15:29:00] WARNING: SACS dead, restarting
[2026-02-01 15:29:00] Starting SACS multi-process system...
[2026-02-01 15:29:00] Starting SACS multi-process system...
[2026-02-01 15:29:00] \033[1;33msacs-auto.sh not found\033[0m
[2026-02-01 15:29:00] \033[1;33msacs-auto.sh not found\033[0m
[2026-02-01 15:29:01] Wakelock acquired
[2026-02-01 15:29:01] Wakelock acquired
[2026-02-01 15:30:00] Watchdog check...
[2026-02-01 15:30:00] Watchdog check...
[2026-02-01 15:30:00] WARNING: SACS dead, restarting
[2026-02-01 15:30:00] WARNING: SACS dead, restarting
[2026-02-01 15:30:00] Starting SACS multi-process system...
[2026-02-01 15:30:00] Starting SACS multi-process system...
[2026-02-01 15:30:00] \033[1;33msacs-auto.sh not found\033[0m
[2026-02-01 15:30:00] \033[1;33msacs-auto.sh not found\033[0m
[2026-02-01 15:30:01] Wakelock acquired
[2026-02-01 15:30:01] Wakelock acquired
[2026-02-01 15:31:00] Watchdog check...
[2026-02-01 15:31:00] Watchdog check...
[2026-02-01 15:31:00] WARNING: SACS dead, restarting
[2026-02-01 15:31:00] WARNING: SACS dead, restarting
[2026-02-01 15:31:00] Starting SACS multi-process system...
[2026-02-01 15:31:00] Starting SACS multi-process system...
[2026-02-01 15:31:00] \033[1;33msacs-auto.sh not found\033[0m
[2026-02-01 15:31:00] \033[1;33msacs-auto.sh not found\033[0m
[2026-02-01 15:31:01] Wakelock acquired
[2026-02-01 15:31:01] Wakelock acquired
[2026-02-01 15:32:00] Watchdog check...
[2026-02-01 15:32:00] Watchdog check...
[2026-02-01 15:32:00] WARNING: SACS dead, restarting
[2026-02-01 15:32:00] WARNING: SACS dead, restarting
[2026-02-01 15:32:00] Starting SACS multi-process system...
[2026-02-01 15:32:00] Starting SACS multi-process system...
[2026-02-01 15:32:00] \033[1;33msacs-auto.sh not found\033[0m
[2026-02-01 15:32:00] \033[1;33msacs-auto.sh not found\033[0m
[2026-02-01 15:32:01] Wakelock acquired
[2026-02-01 15:32:01] Wakelock acquired
[2026-02-01 15:33:00] Watchdog check...
[2026-02-01 15:33:00] Watchdog check...
[2026-02-01 15:33:00] WARNING: SACS dead, restarting
[2026-02-01 15:33:00] WARNING: SACS dead, restarting
[2026-02-01 15:33:00] Starting SACS multi-process system...
[2026-02-01 15:33:00] Starting SACS multi-process system...
[2026-02-01 15:33:00] \033[1;33msacs-auto.sh not found\033[0m
[2026-02-01 15:33:00] \033[1;33msacs-auto.sh not found\033[0m
[2026-02-01 15:33:01] Wakelock acquired
[2026-02-01 15:33:01] Wakelock acquired
[2026-02-01 15:34:00] Watchdog check...
[2026-02-01 15:34:00] Watchdog check...
[2026-02-01 15:34:01] WARNING: SACS dead, restarting
[2026-02-01 15:34:01] WARNING: SACS dead, restarting
[2026-02-01 15:34:01] Starting SACS multi-process system...
[2026-02-01 15:34:01] Starting SACS multi-process system...
[2026-02-01 15:34:01] \033[1;33msacs-auto.sh not found\033[0m
[2026-02-01 15:34:01] \033[1;33msacs-auto.sh not found\033[0m
[2026-02-01 15:34:01] Wakelock acquired
[2026-02-01 15:34:01] Wakelock acquired
[2026-02-01 15:35:00] Watchdog check...
[2026-02-01 15:35:00] Watchdog check...
[2026-02-01 15:35:00] WARNING: SACS dead, restarting
[2026-02-01 15:35:00] WARNING: SACS dead, restarting
[2026-02-01 15:35:00] Starting SACS multi-process system...
[2026-02-01 15:35:00] Starting SACS multi-process system...
[2026-02-01 15:35:00] \033[1;33msacs-auto.sh not found\033[0m
[2026-02-01 15:35:00] \033[1;33msacs-auto.sh not found\033[0m
[2026-02-01 15:35:01] Wakelock acquired
[2026-02-01 15:35:01] Wakelock acquired
[2026-02-01 15:36:00] Watchdog check...
[2026-02-01 15:36:00] Watchdog check...
[2026-02-01 15:36:00] WARNING: SACS dead, restarting
[2026-02-01 15:36:00] WARNING: SACS dead, restarting
[2026-02-01 15:36:00] Starting SACS multi-process system...
[2026-02-01 15:36:00] Starting SACS multi-process system...
[2026-02-01 15:36:00] \033[1;33msacs-auto.sh not found\033[0m
[2026-02-01 15:36:00] \033[1;33msacs-auto.sh not found\033[0m
[2026-02-01 15:36:01] Wakelock acquired
[2026-02-01 15:36:01] Wakelock acquired
[2026-02-01 15:37:00] Watchdog check...
[2026-02-01 15:37:00] Watchdog check...
[2026-02-01 15:37:00] WARNING: SACS dead, restarting
[2026-02-01 15:37:00] WARNING: SACS dead, restarting
[2026-02-01 15:37:00] Starting SACS multi-process system...
[2026-02-01 15:37:00] Starting SACS multi-process system...
[2026-02-01 15:37:00] \033[1;33msacs-auto.sh not found\033[0m
[2026-02-01 15:37:00] \033[1;33msacs-auto.sh not found\033[0m
[2026-02-01 15:37:01] Wakelock acquired
[2026-02-01 15:37:01] Wakelock acquired
[2026-02-01 15:38:00] Watchdog check...
[2026-02-01 15:38:00] Watchdog check...
[2026-02-01 15:38:00] WARNING: SACS dead, restarting
[2026-02-01 15:38:00] WARNING: SACS dead, restarting
[2026-02-01 15:38:00] Starting SACS multi-process system...
[2026-02-01 15:38:00] Starting SACS multi-process system...
[2026-02-01 15:38:01] \033[1;33msacs-auto.sh not found\033[0m
[2026-02-01 15:38:01] \033[1;33msacs-auto.sh not found\033[0m
[2026-02-01 15:38:01] Wakelock acquired
[2026-02-01 15:38:01] Wakelock acquired
[2026-02-01 15:39:00] Watchdog check...
[2026-02-01 15:39:00] Watchdog check...
[2026-02-01 15:39:00] WARNING: SACS dead, restarting
[2026-02-01 15:39:00] WARNING: SACS dead, restarting
[2026-02-01 15:39:00] Starting SACS multi-process system...
[2026-02-01 15:39:00] Starting SACS multi-process system...
[2026-02-01 15:39:00] \033[1;33msacs-auto.sh not found\033[0m
[2026-02-01 15:39:00] \033[1;33msacs-auto.sh not found\033[0m
[2026-02-01 15:39:01] Wakelock acquired
[2026-02-01 15:39:01] Wakelock acquired
[2026-02-01 15:40:00] Watchdog check...
[2026-02-01 15:40:00] Watchdog check...
[2026-02-01 15:40:00] WARNING: SACS dead, restarting
[2026-02-01 15:40:00] WARNING: SACS dead, restarting
[2026-02-01 15:40:00] Starting SACS multi-process system...
[2026-02-01 15:40:00] Starting SACS multi-process system...
[2026-02-01 15:40:00] \033[1;33msacs-auto.sh not found\033[0m
[2026-02-01 15:40:00] \033[1;33msacs-auto.sh not found\033[0m
[2026-02-01 15:40:01] Wakelock acquired
[2026-02-01 15:40:01] Wakelock acquired
[2026-02-01 15:41:00] Watchdog check...
[2026-02-01 15:41:00] Watchdog check...
[2026-02-01 15:41:00] WARNING: SACS dead, restarting
[2026-02-01 15:41:00] WARNING: SACS dead, restarting
[2026-02-01 15:41:00] Starting SACS multi-process system...
[2026-02-01 15:41:00] Starting SACS multi-process system...
[2026-02-01 15:41:00] \033[1;33msacs-auto.sh not found\033[0m
[2026-02-01 15:41:00] \033[1;33msacs-auto.sh not found\033[0m
[2026-02-01 15:41:01] Wakelock acquired
[2026-02-01 15:41:01] Wakelock acquired
[2026-02-01 15:42:00] Watchdog check...
[2026-02-01 15:42:00] Watchdog check...
[2026-02-01 15:42:00] WARNING: SACS dead, restarting
[2026-02-01 15:42:00] WARNING: SACS dead, restarting
[2026-02-01 15:42:00] Starting SACS multi-process system...
[2026-02-01 15:42:00] Starting SACS multi-process system...
[2026-02-01 15:42:00] \033[1;33msacs-auto.sh not found\033[0m
[2026-02-01 15:42:00] \033[1;33msacs-auto.sh not found\033[0m
[2026-02-01 15:42:01] Wakelock acquired
[2026-02-01 15:42:01] Wakelock acquired
[2026-02-01 15:43:00] Watchdog check...
[2026-02-01 15:43:00] Watchdog check...
[2026-02-01 15:43:00] WARNING: SACS dead, restarting
[2026-02-01 15:43:00] WARNING: SACS dead, restarting
[2026-02-01 15:43:00] Starting SACS multi-process system...
[2026-02-01 15:43:00] Starting SACS multi-process system...
[2026-02-01 15:43:00] \033[1;33msacs-auto.sh not found\033[0m
[2026-02-01 15:43:00] \033[1;33msacs-auto.sh not found\033[0m
[2026-02-01 15:43:01] Wakelock acquired
[2026-02-01 15:43:01] Wakelock acquired
[2026-02-01 15:44:00] Watchdog check...
[2026-02-01 15:44:00] Watchdog check...
[2026-02-01 15:44:00] WARNING: SACS dead, restarting
[2026-02-01 15:44:00] WARNING: SACS dead, restarting
[2026-02-01 15:44:00] Starting SACS multi-process system...
[2026-02-01 15:44:00] Starting SACS multi-process system...
[2026-02-01 15:44:00] \033[1;33msacs-auto.sh not found\033[0m
[2026-02-01 15:44:00] \033[1;33msacs-auto.sh not found\033[0m
[2026-02-01 15:44:01] Wakelock acquired
[2026-02-01 15:44:01] Wakelock acquired
[2026-02-01 15:45:01] Watchdog check...
[2026-02-01 15:45:01] Watchdog check...
[2026-02-01 15:45:01] WARNING: SACS dead, restarting
[2026-02-01 15:45:01] WARNING: SACS dead, restarting
[2026-02-01 15:45:01] Starting SACS multi-process system...
[2026-02-01 15:45:01] Starting SACS multi-process system...
[2026-02-01 15:45:01] \033[1;33msacs-auto.sh not found\033[0m
[2026-02-01 15:45:01] \033[1;33msacs-auto.sh not found\033[0m
[2026-02-01 15:45:01] Wakelock acquired
[2026-02-01 15:45:01] Wakelock acquired
[2026-02-01 15:46:00] Watchdog check...
[2026-02-01 15:46:00] Watchdog check...
[2026-02-01 15:46:00] WARNING: SACS dead, restarting
[2026-02-01 15:46:00] WARNING: SACS dead, restarting
[2026-02-01 15:46:00] Starting SACS multi-process system...
[2026-02-01 15:46:00] Starting SACS multi-process system...
[2026-02-01 15:46:00] \033[1;33msacs-auto.sh not found\033[0m
[2026-02-01 15:46:00] \033[1;33msacs-auto.sh not found\033[0m
[2026-02-01 15:46:01] Wakelock acquired
[2026-02-01 15:46:01] Wakelock acquired
[2026-02-01 15:47:00] Watchdog check...
[2026-02-01 15:47:00] Watchdog check...
[2026-02-01 15:47:00] WARNING: SACS dead, restarting
[2026-02-01 15:47:00] WARNING: SACS dead, restarting
[2026-02-01 15:47:00] Starting SACS multi-process system...
[2026-02-01 15:47:00] Starting SACS multi-process system...
[2026-02-01 15:47:00] \033[1;33msacs-auto.sh not found\033[0m
[2026-02-01 15:47:00] \033[1;33msacs-auto.sh not found\033[0m
[2026-02-01 15:47:01] Wakelock acquired
[2026-02-01 15:47:01] Wakelock acquired
[2026-02-01 15:48:00] Watchdog check...
[2026-02-01 15:48:00] Watchdog check...
[2026-02-01 15:48:00] WARNING: SACS dead, restarting
[2026-02-01 15:48:00] WARNING: SACS dead, restarting
[2026-02-01 15:48:00] Starting SACS multi-process system...
[2026-02-01 15:48:00] Starting SACS multi-process system...
[2026-02-01 15:48:00] \033[1;33msacs-auto.sh not found\033[0m
[2026-02-01 15:48:00] \033[1;33msacs-auto.sh not found\033[0m
[2026-02-01 15:48:01] Wakelock acquired
[2026-02-01 15:48:01] Wakelock acquired
[2026-02-01 15:49:00] Watchdog check...
[2026-02-01 15:49:00] Watchdog check...
[2026-02-01 15:49:00] WARNING: SACS dead, restarting
[2026-02-01 15:49:00] WARNING: SACS dead, restarting
[2026-02-01 15:49:00] Starting SACS multi-process system...
[2026-02-01 15:49:00] Starting SACS multi-process system...
[2026-02-01 15:49:00] \033[1;33msacs-auto.sh not found\033[0m
[2026-02-01 15:49:00] \033[1;33msacs-auto.sh not found\033[0m
[2026-02-01 15:49:01] Wakelock acquired
[2026-02-01 15:49:01] Wakelock acquired
[2026-02-01 15:50:00] Watchdog check...
[2026-02-01 15:50:00] Watchdog check...
[2026-02-01 15:50:00] WARNING: SACS dead, restarting
[2026-02-01 15:50:00] WARNING: SACS dead, restarting
[2026-02-01 15:50:00] Starting SACS multi-process system...
[2026-02-01 15:50:00] Starting SACS multi-process system...
[2026-02-01 15:50:00] \033[1;33msacs-auto.sh not found\033[0m
[2026-02-01 15:50:00] \033[1;33msacs-auto.sh not found\033[0m
[2026-02-01 15:50:01] Wakelock acquired
[2026-02-01 15:50:01] Wakelock acquired
[2026-02-01 15:51:00] Watchdog check...
[2026-02-01 15:51:00] Watchdog check...
[2026-02-01 15:51:00] WARNING: SACS dead, restarting
[2026-02-01 15:51:00] WARNING: SACS dead, restarting
[2026-02-01 15:51:00] Starting SACS multi-process system...
[2026-02-01 15:51:00] Starting SACS multi-process system...
[2026-02-01 15:51:00] \033[1;33msacs-auto.sh not found\033[0m
[2026-02-01 15:51:00] \033[1;33msacs-auto.sh not found\033[0m
[2026-02-01 15:51:01] Wakelock acquired
[2026-02-01 15:51:01] Wakelock acquired
[2026-02-01 15:52:00] Watchdog check...
[2026-02-01 15:52:00] Watchdog check...
[2026-02-01 15:52:00] WARNING: SACS dead, restarting
[2026-02-01 15:52:00] WARNING: SACS dead, restarting
[2026-02-01 15:52:00] Starting SACS multi-process system...
[2026-02-01 15:52:00] Starting SACS multi-process system...
[2026-02-01 15:52:00] \033[1;33msacs-auto.sh not found\033[0m
[2026-02-01 15:52:00] \033[1;33msacs-auto.sh not found\033[0m
[2026-02-01 15:52:01] Wakelock acquired
[2026-02-01 15:52:01] Wakelock acquired
[2026-02-01 15:53:00] Watchdog check...
[2026-02-01 15:53:00] Watchdog check...
[2026-02-01 15:53:00] WARNING: SACS dead, restarting
[2026-02-01 15:53:00] WARNING: SACS dead, restarting
[2026-02-01 15:53:00] Starting SACS multi-process system...
[2026-02-01 15:53:00] Starting SACS multi-process system...
[2026-02-01 15:53:00] \033[1;33msacs-auto.sh not found\033[0m
[2026-02-01 15:53:00] \033[1;33msacs-auto.sh not found\033[0m
[2026-02-01 15:53:01] Wakelock acquired
[2026-02-01 15:53:01] Wakelock acquired
[2026-02-01 15:54:01] Watchdog check...
[2026-02-01 15:54:01] Watchdog check...
[2026-02-01 15:54:01] WARNING: SACS dead, restarting
[2026-02-01 15:54:01] WARNING: SACS dead, restarting
[2026-02-01 15:54:01] Starting SACS multi-process system...
[2026-02-01 15:54:01] Starting SACS multi-process system...
[2026-02-01 15:54:01] \033[1;33msacs-auto.sh not found\033[0m
[2026-02-01 15:54:01] \033[1;33msacs-auto.sh not found\033[0m
[2026-02-01 15:54:01] Wakelock acquired
[2026-02-01 15:54:01] Wakelock acquired
[2026-02-01 15:55:00] Watchdog check...
[2026-02-01 15:55:00] Watchdog check...
[2026-02-01 15:55:00] WARNING: SACS dead, restarting
[2026-02-01 15:55:00] WARNING: SACS dead, restarting
[2026-02-01 15:55:00] Starting SACS multi-process system...
[2026-02-01 15:55:00] Starting SACS multi-process system...
[2026-02-01 15:55:00] \033[1;33msacs-auto.sh not found\033[0m
[2026-02-01 15:55:00] \033[1;33msacs-auto.sh not found\033[0m
[2026-02-01 15:55:01] Wakelock acquired
[2026-02-01 15:55:01] Wakelock acquired
[2026-02-01 15:56:00] Watchdog check...
[2026-02-01 15:56:00] Watchdog check...
[2026-02-01 15:56:00] WARNING: SACS dead, restarting
[2026-02-01 15:56:00] WARNING: SACS dead, restarting
[2026-02-01 15:56:00] Starting SACS multi-process system...
[2026-02-01 15:56:00] Starting SACS multi-process system...
[2026-02-01 15:56:00] \033[1;33msacs-auto.sh not found\033[0m
[2026-02-01 15:56:00] \033[1;33msacs-auto.sh not found\033[0m
[2026-02-01 15:56:01] Wakelock acquired
[2026-02-01 15:56:01] Wakelock acquired
[2026-02-01 15:57:00] Watchdog check...
[2026-02-01 15:57:00] Watchdog check...
[2026-02-01 15:57:00] WARNING: SACS dead, restarting
[2026-02-01 15:57:00] WARNING: SACS dead, restarting
[2026-02-01 15:57:00] Starting SACS multi-process system...
[2026-02-01 15:57:00] Starting SACS multi-process system...
[2026-02-01 15:57:00] \033[1;33msacs-auto.sh not found\033[0m
[2026-02-01 15:57:00] \033[1;33msacs-auto.sh not found\033[0m
[2026-02-01 15:57:01] Wakelock acquired
[2026-02-01 15:57:01] Wakelock acquired
[2026-02-01 15:58:00] Watchdog check...
[2026-02-01 15:58:00] Watchdog check...
[2026-02-01 15:58:00] WARNING: SACS dead, restarting
[2026-02-01 15:58:00] WARNING: SACS dead, restarting
[2026-02-01 15:58:00] Starting SACS multi-process system...
[2026-02-01 15:58:00] Starting SACS multi-process system...
[2026-02-01 15:58:00] \033[1;33msacs-auto.sh not found\033[0m
[2026-02-01 15:58:00] \033[1;33msacs-auto.sh not found\033[0m
[2026-02-01 15:58:01] Wakelock acquired
[2026-02-01 15:58:01] Wakelock acquired
[2026-02-01 15:59:00] Watchdog check...
[2026-02-01 15:59:00] Watchdog check...
[2026-02-01 15:59:00] WARNING: SACS dead, restarting
[2026-02-01 15:59:00] WARNING: SACS dead, restarting
[2026-02-01 15:59:00] Starting SACS multi-process system...
[2026-02-01 15:59:00] Starting SACS multi-process system...
[2026-02-01 15:59:00] \033[1;33msacs-auto.sh not found\033[0m
[2026-02-01 15:59:00] \033[1;33msacs-auto.sh not found\033[0m
[2026-02-01 15:59:01] Wakelock acquired
[2026-02-01 15:59:01] Wakelock acquired
[2026-02-01 16:00:00] Watchdog check...
[2026-02-01 16:00:00] Watchdog check...
[2026-02-01 16:00:00] WARNING: SACS dead, restarting
[2026-02-01 16:00:00] WARNING: SACS dead, restarting
[2026-02-01 16:00:00] Starting SACS multi-process system...
[2026-02-01 16:00:00] Starting SACS multi-process system...
[2026-02-01 16:00:00] \033[1;33msacs-auto.sh not found\033[0m
[2026-02-01 16:00:00] \033[1;33msacs-auto.sh not found\033[0m
[2026-02-01 16:00:01] Wakelock acquired
[2026-02-01 16:00:01] Wakelock acquired
[2026-02-01 16:07:45] === ULTIMATE SETUP v2.0 ===
[2026-02-01 16:07:45] Setting up cron monitoring...
[2026-02-01 16:07:46] Cron monitoring configured
[2026-02-01 16:07:46] Setting up boot auto-start...
[2026-02-01 16:07:46] Boot script configured
[2026-02-01 16:07:46] Configuring instant bashrc restart...
[2026-02-01 16:07:46] Bashrc configured
[2026-02-01 16:07:46] === STARTING ULTIMATE SYSTEM ===
[2026-02-01 16:07:47] Wakelock acquired
[2026-02-01 16:07:47] Starting SACS multi-process system...
[2026-02-01 16:07:47] \033[1;33msacs-auto.sh not found\033[0m
[2026-02-01 16:07:49] Starting Ultra-Effective PSA broadcast...
[2026-02-01 16:07:49] PSA Ultra broadcast started
[2026-02-01 16:07:49] === ULTIMATE SYSTEM OPERATIONAL ===
[2026-02-01 16:08:00] Watchdog check...
[2026-02-01 16:08:00] Watchdog check...
[2026-02-01 16:08:00] CLOSURE DETECTED: Heartbeat age 479s
[2026-02-01 16:08:00] CLOSURE DETECTED: Heartbeat age 479s
[2026-02-01 16:08:00] WARNING: SACS dead, restarting
[2026-02-01 16:08:00] WARNING: SACS dead, restarting
[2026-02-01 16:08:00] Starting SACS multi-process system...
[2026-02-01 16:08:00] Starting SACS multi-process system...
[2026-02-01 16:08:00] \033[1;33msacs-auto.sh not found\033[0m
[2026-02-01 16:08:00] \033[1;33msacs-auto.sh not found\033[0m
[2026-02-01 16:08:01] Wakelock acquired
[2026-02-01 16:08:01] Wakelock acquired
[2026-02-01 16:10:09] === ULTIMATE SETUP v2.0 ===
[2026-02-01 16:10:09] Setting up cron monitoring...
[2026-02-01 16:10:10] Cron monitoring configured
[2026-02-01 16:10:10] Setting up boot auto-start...
[2026-02-01 16:10:10] Boot script configured
[2026-02-01 16:10:10] Configuring instant bashrc restart...
[2026-02-01 16:10:10] Bashrc configured
[2026-02-01 16:10:11] === STARTING ULTIMATE SYSTEM ===
[2026-02-01 16:10:11] Wakelock acquired
[2026-02-01 16:10:11] Starting SACS multi-process system...
[2026-02-01 16:10:11] \033[1;33msacs-auto.sh not found\033[0m
[2026-02-01 16:10:13] PSA already running
[2026-02-01 16:10:13] === ULTIMATE SYSTEM OPERATIONAL ===
[2026-02-01 16:11:00] Watchdog check...
[2026-02-01 16:11:00] Watchdog check...
[2026-02-01 16:11:00] WARNING: SACS dead, restarting
[2026-02-01 16:11:00] WARNING: SACS dead, restarting
[2026-02-01 16:11:00] Starting SACS multi-process system...
[2026-02-01 16:11:00] Starting SACS multi-process system...
[2026-02-01 16:11:00] \033[1;33msacs-auto.sh not found\033[0m
[2026-02-01 16:11:00] \033[1;33msacs-auto.sh not found\033[0m
[2026-02-01 16:11:01] Wakelock acquired
[2026-02-01 16:11:01] Wakelock acquired
[2026-02-01 16:12:00] Watchdog check...
[2026-02-01 16:12:00] Watchdog check...
[2026-02-01 16:12:00] WARNING: SACS dead, restarting
[2026-02-01 16:12:00] WARNING: SACS dead, restarting
[2026-02-01 16:12:00] Starting SACS multi-process system...
[2026-02-01 16:12:00] Starting SACS multi-process system...
[2026-02-01 16:12:00] Starting all SACS processes with auto-restart wrappers...
[2026-02-01 16:12:01] Wakelock acquired
[2026-02-01 16:12:01] Created tmux session: sacs_stable
[2026-02-01 16:12:01] Started wrapped process: phase1
[2026-02-01 16:12:01] Started wrapped process: ultimate2
[2026-02-01 16:12:01] Started wrapped process: no-mitm
[2026-02-01 16:12:01] Started wrapped process: hypertoxin
[2026-02-01 16:12:01] Started wrapped process: pso
[2026-02-01 16:12:01] All processes started with auto-restart protection
open terminal failed: not a terminal
[2026-02-01 16:12:03] SACS processes started
[2026-02-01 16:12:03] SACS processes started
[2026-02-01 16:12:04] Wakelock acquired
[2026-02-01 16:12:04] Wakelock acquired
[2026-02-01 16:12:15] === ULTIMATE SETUP v2.0 ===
[2026-02-01 16:12:15] Setting up cron monitoring...
[2026-02-01 16:12:16] Cron monitoring configured
[2026-02-01 16:12:16] Setting up boot auto-start...
[2026-02-01 16:12:16] Boot script configured
[2026-02-01 16:12:16] Configuring instant bashrc restart...
[2026-02-01 16:12:16] Bashrc configured
[2026-02-01 16:12:16] === STARTING ULTIMATE SYSTEM ===
[2026-02-01 16:12:17] Wakelock acquired
[2026-02-01 16:12:17] SACS already running
[2026-02-01 16:12:19] PSA already running
[2026-02-01 16:12:19] === ULTIMATE SYSTEM OPERATIONAL ===
[2026-02-01 16:13:00] Watchdog check...
[2026-02-01 16:13:00] Watchdog check...
[2026-02-01 16:13:00] Wakelock acquired
[2026-02-01 16:13:00] Wakelock acquired
[2026-02-01 16:14:00] Watchdog check...
[2026-02-01 16:14:00] Watchdog check...
[2026-02-01 16:14:01] Wakelock acquired
[2026-02-01 16:14:01] Wakelock acquired
[2026-02-01 16:15:00] Watchdog check...
[2026-02-01 16:15:00] Watchdog check...
[2026-02-01 16:15:01] Wakelock acquired
[2026-02-01 16:15:01] Wakelock acquired
[2026-02-01 16:15:22] === ULTIMATE SETUP v2.0 ===
[2026-02-01 16:15:22] Setting up cron monitoring...
[2026-02-01 16:15:23] Cron monitoring configured
[2026-02-01 16:15:23] Setting up boot auto-start...
[2026-02-01 16:15:23] Boot script configured
[2026-02-01 16:15:23] Configuring instant bashrc restart...
[2026-02-01 16:15:23] Bashrc configured
[2026-02-01 16:15:23] === STARTING ULTIMATE SYSTEM ===
[2026-02-01 16:15:24] Wakelock acquired
[2026-02-01 16:15:24] SACS already running
[2026-02-01 16:15:26] PSA already running
[2026-02-01 16:15:26] === ULTIMATE SYSTEM OPERATIONAL ===
[2026-02-01 16:16:00] Watchdog check...
[2026-02-01 16:16:00] Watchdog check...
[2026-02-01 16:16:01] Wakelock acquired
[2026-02-01 16:16:01] Wakelock acquired
[2026-02-01 16:17:00] Watchdog check...
[2026-02-01 16:17:00] Watchdog check...
[2026-02-01 16:17:01] Wakelock acquired
[2026-02-01 16:17:01] Wakelock acquired
[2026-02-01 16:18:00] Watchdog check...
[2026-02-01 16:18:00] Watchdog check...
[2026-02-01 16:18:01] Wakelock acquired
[2026-02-01 16:18:01] Wakelock acquired
[2026-02-01 16:19:00] Watchdog check...
[2026-02-01 16:19:00] Watchdog check...
[2026-02-01 16:19:01] Wakelock acquired
[2026-02-01 16:19:01] Wakelock acquired
[2026-02-01 16:20:00] Watchdog check...
[2026-02-01 16:20:00] Watchdog check...
[2026-02-01 16:20:00] Wakelock acquired
[2026-02-01 16:20:00] Wakelock acquired
[2026-02-01 16:21:01] Watchdog check...
[2026-02-01 16:21:01] Watchdog check...
[2026-02-01 16:21:02] Wakelock acquired
[2026-02-01 16:21:02] Wakelock acquired
[2026-02-01 16:22:00] Watchdog check...
[2026-02-01 16:22:00] Watchdog check...
[2026-02-01 16:22:01] Wakelock acquired
[2026-02-01 16:22:01] Wakelock acquired
[2026-02-01 16:23:01] Watchdog check...
[2026-02-01 16:23:01] Watchdog check...
[2026-02-01 16:23:02] Wakelock acquired
[2026-02-01 16:23:02] Wakelock acquired
[2026-02-01 16:24:00] Watchdog check...
[2026-02-01 16:24:00] Watchdog check...
[2026-02-01 16:24:01] Wakelock acquired
[2026-02-01 16:24:01] Wakelock acquired
[2026-02-01 16:25:00] Watchdog check...
[2026-02-01 16:25:00] Watchdog check...
[2026-02-01 16:25:00] Wakelock acquired
[2026-02-01 16:25:00] Wakelock acquired
[2026-02-01 16:26:01] Watchdog check...
[2026-02-01 16:26:01] Watchdog check...
[2026-02-01 16:26:01] Wakelock acquired
[2026-02-01 16:26:01] Wakelock acquired
[2026-02-01 16:27:00] Watchdog check...
[2026-02-01 16:27:00] Watchdog check...
[2026-02-01 16:27:01] Wakelock acquired
[2026-02-01 16:27:01] Wakelock acquired
[2026-02-01 16:28:00] Watchdog check...
[2026-02-01 16:28:00] Watchdog check...
[2026-02-01 16:28:02] Wakelock acquired
[2026-02-01 16:28:02] Wakelock acquired
[2026-02-01 16:29:00] Watchdog check...
[2026-02-01 16:29:00] Watchdog check...
[2026-02-01 16:29:01] Wakelock acquired
[2026-02-01 16:29:01] Wakelock acquired
[2026-02-01 16:30:00] Watchdog check...
[2026-02-01 16:30:00] Watchdog check...
[2026-02-01 16:30:01] Wakelock acquired
[2026-02-01 16:30:01] Wakelock acquired
[2026-02-01 16:31:00] Watchdog check...
[2026-02-01 16:31:00] Watchdog check...
[2026-02-01 16:31:00] Wakelock acquired
[2026-02-01 16:31:00] Wakelock acquired
[2026-02-01 16:32:01] Watchdog check...
[2026-02-01 16:32:01] Watchdog check...
[2026-02-01 16:32:01] Wakelock acquired
[2026-02-01 16:32:01] Wakelock acquired
[2026-02-01 16:33:00] Watchdog check...
[2026-02-01 16:33:00] Watchdog check...
[2026-02-01 16:33:01] Wakelock acquired
[2026-02-01 16:33:01] Wakelock acquired
[2026-02-01 16:34:00] Watchdog check...
[2026-02-01 16:34:00] Watchdog check...
[2026-02-01 16:34:01] Wakelock acquired
[2026-02-01 16:34:01] Wakelock acquired
[2026-02-01 16:35:00] Watchdog check...
[2026-02-01 16:35:00] Watchdog check...
[2026-02-01 16:35:01] Wakelock acquired
[2026-02-01 16:35:01] Wakelock acquired
[2026-02-01 16:36:00] Watchdog check...
[2026-02-01 16:36:00] Watchdog check...
[2026-02-01 16:36:01] Wakelock acquired
[2026-02-01 16:36:01] Wakelock acquired
[2026-02-01 16:37:00] Watchdog check...
[2026-02-01 16:37:00] Watchdog check...
[2026-02-01 16:37:01] Wakelock acquired
[2026-02-01 16:37:01] Wakelock acquired
[2026-02-01 16:38:00] Watchdog check...
[2026-02-01 16:38:00] Watchdog check...
[2026-02-01 16:38:01] Wakelock acquired
[2026-02-01 16:38:01] Wakelock acquired
[2026-02-01 16:39:00] Watchdog check...
[2026-02-01 16:39:00] Watchdog check...
[2026-02-01 16:39:00] Wakelock acquired
[2026-02-01 16:39:00] Wakelock acquired
[2026-02-01 16:40:01] Watchdog check...
[2026-02-01 16:40:01] Watchdog check...
[2026-02-01 16:40:01] Wakelock acquired
[2026-02-01 16:40:01] Wakelock acquired
[2026-02-01 16:41:00] Watchdog check...
[2026-02-01 16:41:00] Watchdog check...
[2026-02-01 16:41:01] Wakelock acquired
[2026-02-01 16:41:01] Wakelock acquired
[2026-02-01 16:42:00] Watchdog check...
[2026-02-01 16:42:00] Watchdog check...
[2026-02-01 16:42:01] Wakelock acquired
[2026-02-01 16:42:01] Wakelock acquired
[2026-02-01 16:43:00] Watchdog check...
[2026-02-01 16:43:00] Watchdog check...
[2026-02-01 16:43:01] Wakelock acquired
[2026-02-01 16:43:01] Wakelock acquired
[2026-02-01 16:44:00] Watchdog check...
[2026-02-01 16:44:00] Watchdog check...
[2026-02-01 16:44:01] Wakelock acquired
[2026-02-01 16:44:01] Wakelock acquired
[2026-02-01 16:45:00] Watchdog check...
[2026-02-01 16:45:00] Watchdog check...
[2026-02-01 16:45:01] Wakelock acquired
[2026-02-01 16:45:01] Wakelock acquired
[2026-02-01 16:46:00] Watchdog check...
[2026-02-01 16:46:00] Watchdog check...
[2026-02-01 16:46:01] Wakelock acquired
[2026-02-01 16:46:01] Wakelock acquired
[2026-02-01 16:47:00] Watchdog check...
[2026-02-01 16:47:00] Watchdog check...
[2026-02-01 16:47:00] Wakelock acquired
[2026-02-01 16:47:00] Wakelock acquired
[2026-02-01 16:48:01] Watchdog check...
[2026-02-01 16:48:01] Watchdog check...
[2026-02-01 16:48:01] Wakelock acquired
[2026-02-01 16:48:01] Wakelock acquired
[2026-02-01 16:49:00] Watchdog check...
[2026-02-01 16:49:00] Watchdog check...
[2026-02-01 16:49:01] Wakelock acquired
[2026-02-01 16:49:01] Wakelock acquired
[2026-02-01 16:50:00] Watchdog check...
[2026-02-01 16:50:00] Watchdog check...
[2026-02-01 16:50:01] Wakelock acquired
[2026-02-01 16:50:01] Wakelock acquired
[2026-02-01 16:51:00] Watchdog check...
[2026-02-01 16:51:00] Watchdog check...
[2026-02-01 16:51:01] Wakelock acquired
[2026-02-01 16:51:01] Wakelock acquired
[2026-02-01 16:52:00] Watchdog check...
[2026-02-01 16:52:00] Watchdog check...
[2026-02-01 16:52:01] Wakelock acquired
[2026-02-01 16:52:01] Wakelock acquired
[2026-02-01 16:53:00] Watchdog check...
[2026-02-01 16:53:00] Watchdog check...
[2026-02-01 16:53:01] Wakelock acquired
[2026-02-01 16:53:01] Wakelock acquired
[2026-02-01 16:54:00] Watchdog check...
[2026-02-01 16:54:00] Watchdog check...
[2026-02-01 16:54:00] Wakelock acquired
[2026-02-01 16:54:00] Wakelock acquired
[2026-02-01 16:55:01] Watchdog check...
[2026-02-01 16:55:01] Watchdog check...
[2026-02-01 16:55:01] Wakelock acquired
[2026-02-01 16:55:01] Wakelock acquired
[2026-02-01 16:56:00] Watchdog check...
[2026-02-01 16:56:00] Watchdog check...
[2026-02-01 16:56:01] Wakelock acquired
[2026-02-01 16:56:01] Wakelock acquired
[2026-02-01 16:57:00] Watchdog check...
[2026-02-01 16:57:00] Watchdog check...
[2026-02-01 16:57:01] Wakelock acquired
[2026-02-01 16:57:01] Wakelock acquired
[2026-02-01 16:58:00] Watchdog check...
[2026-02-01 16:58:00] Watchdog check...
[2026-02-01 16:58:01] Wakelock acquired
[2026-02-01 16:58:01] Wakelock acquired
[2026-02-01 16:59:00] Watchdog check...
[2026-02-01 16:59:00] Watchdog check...
[2026-02-01 16:59:01] Wakelock acquired
[2026-02-01 16:59:01] Wakelock acquired
[2026-02-01 17:00:00] Watchdog check...
[2026-02-01 17:00:00] Watchdog check...
[2026-02-01 17:00:01] Wakelock acquired
[2026-02-01 17:00:01] Wakelock acquired
[2026-02-01 17:01:43] === ULTIMATE SETUP v2.0 ===
[2026-02-01 17:01:43] Setting up cron monitoring...
[2026-02-01 17:01:44] Cron monitoring configured
[2026-02-01 17:01:44] Setting up boot auto-start...
[2026-02-01 17:01:44] Boot script configured
[2026-02-01 17:01:44] Configuring instant bashrc restart...
[2026-02-01 17:01:44] Bashrc configured
[2026-02-01 17:01:44] === STARTING ULTIMATE SYSTEM ===
[2026-02-01 17:01:45] Wakelock acquired
[2026-02-01 17:01:45] Starting SACS multi-process system...
[2026-02-01 17:01:45] Starting all SACS processes with auto-restart wrappers...
[2026-02-01 17:01:46] Wakelock acquired
[2026-02-01 17:01:46] Created tmux session: sacs_stable
[2026-02-01 17:01:46] Started wrapped process: phase1
[2026-02-01 17:01:46] Started wrapped process: ultimate2
[2026-02-01 17:01:46] Started wrapped process: no-mitm
[2026-02-01 17:01:46] Started wrapped process: hypertoxin
[2026-02-01 17:01:46] Started wrapped process: pso
[2026-02-01 17:01:46] All processes started with auto-restart protection
open terminal failed: not a terminal
[2026-02-01 17:01:48] SACS processes started
[2026-02-01 17:01:50] Starting Ultra-Effective PSA broadcast...
[2026-02-01 17:01:50] PSA Ultra broadcast started
[2026-02-01 17:01:50] === ULTIMATE SYSTEM OPERATIONAL ===
[2026-02-01 17:02:00] Watchdog check...
[2026-02-01 17:02:00] Watchdog check...
[2026-02-01 17:02:02] Wakelock acquired
[2026-02-01 17:02:02] Wakelock acquired
[2026-02-01 17:03:00] Watchdog check...
[2026-02-01 17:03:00] Watchdog check...
[2026-02-01 17:03:01] Wakelock acquired
[2026-02-01 17:03:01] Wakelock acquired
[2026-02-01 17:03:27] === ULTIMATE SETUP v2.0 ===
[2026-02-01 17:03:27] Setting up cron monitoring...
[2026-02-01 17:03:28] Cron monitoring configured
[2026-02-01 17:03:28] Setting up boot auto-start...
[2026-02-01 17:03:28] Boot script configured
[2026-02-01 17:03:28] Configuring instant bashrc restart...
[2026-02-01 17:03:28] Bashrc configured
[2026-02-01 17:03:28] === STARTING ULTIMATE SYSTEM ===
[2026-02-01 17:03:29] Wakelock acquired
[2026-02-01 17:03:29] SACS already running
[2026-02-01 17:03:31] PSA already running
[2026-02-01 17:03:31] === ULTIMATE SYSTEM OPERATIONAL ===
[2026-02-01 17:04:00] Watchdog check...
[2026-02-01 17:04:00] Watchdog check...
[2026-02-01 17:04:01] Wakelock acquired
[2026-02-01 17:04:01] Wakelock acquired
[2026-02-01 17:05:00] Watchdog check...
[2026-02-01 17:05:00] Watchdog check...
[2026-02-01 17:05:01] Wakelock acquired
[2026-02-01 17:05:01] Wakelock acquired
[2026-02-01 17:06:00] Watchdog check...
[2026-02-01 17:06:00] Watchdog check...
[2026-02-01 17:06:01] Wakelock acquired
[2026-02-01 17:06:01] Wakelock acquired
[2026-02-01 17:07:00] Watchdog check...
[2026-02-01 17:07:00] Watchdog check...
[2026-02-01 17:07:01] Wakelock acquired
[2026-02-01 17:07:01] Wakelock acquired
[2026-02-01 17:08:00] Watchdog check...
[2026-02-01 17:08:00] Watchdog check...
[2026-02-01 17:08:01] Wakelock acquired
[2026-02-01 17:08:01] Wakelock acquired
[2026-02-01 17:09:00] Watchdog check...
[2026-02-01 17:09:00] Watchdog check...
[2026-02-01 17:09:01] Wakelock acquired
[2026-02-01 17:09:01] Wakelock acquired
[2026-02-01 17:10:00] Watchdog check...
[2026-02-01 17:10:00] Watchdog check...
[2026-02-01 17:10:01] Wakelock acquired
[2026-02-01 17:10:01] Wakelock acquired
[2026-02-01 17:11:00] Watchdog check...
[2026-02-01 17:11:00] Watchdog check...
[2026-02-01 17:11:01] Wakelock acquired
[2026-02-01 17:11:01] Wakelock acquired
[2026-02-01 17:12:00] Watchdog check...
[2026-02-01 17:12:00] Watchdog check...
[2026-02-01 17:12:01] Wakelock acquired
[2026-02-01 17:12:01] Wakelock acquired
[2026-02-01 17:13:00] Watchdog check...
[2026-02-01 17:13:00] Watchdog check...
[2026-02-01 17:13:01] Wakelock acquired
[2026-02-01 17:13:01] Wakelock acquired
[2026-02-01 17:14:00] Watchdog check...
[2026-02-01 17:14:00] Watchdog check...
[2026-02-01 17:14:01] Wakelock acquired
[2026-02-01 17:14:01] Wakelock acquired
[2026-02-01 17:15:00] Watchdog check...
[2026-02-01 17:15:00] Watchdog check...
[2026-02-01 17:15:01] Wakelock acquired
[2026-02-01 17:15:01] Wakelock acquired
[2026-02-01 17:16:00] Watchdog check...
[2026-02-01 17:16:00] Watchdog check...
[2026-02-01 17:16:01] Wakelock acquired
[2026-02-01 17:16:01] Wakelock acquired
[2026-02-01 17:17:00] Watchdog check...
[2026-02-01 17:17:00] Watchdog check...
[2026-02-01 17:17:00] Wakelock acquired
[2026-02-01 17:17:00] Wakelock acquired
[2026-02-01 17:18:00] Watchdog check...
[2026-02-01 17:18:00] Watchdog check...
[2026-02-01 17:18:01] Wakelock acquired
[2026-02-01 17:18:01] Wakelock acquired
[2026-02-01 17:19:00] Watchdog check...
[2026-02-01 17:19:00] Watchdog check...
[2026-02-01 17:19:01] Wakelock acquired
[2026-02-01 17:19:01] Wakelock acquired
[2026-02-01 17:20:00] Watchdog check...
[2026-02-01 17:20:00] Watchdog check...
[2026-02-01 17:20:01] Wakelock acquired
[2026-02-01 17:20:01] Wakelock acquired
[2026-02-01 17:21:00] Watchdog check...
[2026-02-01 17:21:00] Watchdog check...
[2026-02-01 17:21:01] Wakelock acquired
[2026-02-01 17:21:01] Wakelock acquired
[2026-02-01 17:22:00] Watchdog check...
[2026-02-01 17:22:00] Watchdog check...
[2026-02-01 17:22:01] Wakelock acquired
[2026-02-01 17:22:01] Wakelock acquired
[2026-02-01 17:23:00] Watchdog check...
[2026-02-01 17:23:00] Watchdog check...
[2026-02-01 17:23:01] Wakelock acquired
[2026-02-01 17:23:01] Wakelock acquired
[2026-02-01 17:24:00] Watchdog check...
[2026-02-01 17:24:00] Watchdog check...
[2026-02-01 17:24:01] Wakelock acquired
[2026-02-01 17:24:01] Wakelock acquired
[2026-02-01 17:25:00] Watchdog check...
[2026-02-01 17:25:00] Watchdog check...
[2026-02-01 17:25:01] Wakelock acquired
[2026-02-01 17:25:01] Wakelock acquired
[2026-02-01 17:26:00] Watchdog check...
[2026-02-01 17:26:00] Watchdog check...
[2026-02-01 17:26:01] Wakelock acquired
[2026-02-01 17:26:01] Wakelock acquired
[2026-02-01 17:27:00] Watchdog check...
[2026-02-01 17:27:00] Watchdog check...
[2026-02-01 17:27:01] Wakelock acquired
[2026-02-01 17:27:01] Wakelock acquired
[2026-02-01 17:28:00] Watchdog check...
[2026-02-01 17:28:00] Watchdog check...
[2026-02-01 17:28:01] Wakelock acquired
[2026-02-01 17:28:01] Wakelock acquired
[2026-02-01 17:29:00] Watchdog check...
[2026-02-01 17:29:00] Watchdog check...
[2026-02-01 17:29:01] Wakelock acquired
[2026-02-01 17:29:01] Wakelock acquired
[2026-02-01 17:30:00] Watchdog check...
[2026-02-01 17:30:00] Watchdog check...
[2026-02-01 17:30:02] Wakelock acquired
[2026-02-01 17:30:02] Wakelock acquired
[2026-02-01 17:31:00] Watchdog check...
[2026-02-01 17:31:00] Watchdog check...
[2026-02-01 17:31:01] Wakelock acquired
[2026-02-01 17:31:01] Wakelock acquired
[2026-02-01 17:32:00] Watchdog check...
[2026-02-01 17:32:00] Watchdog check...
[2026-02-01 17:32:01] Wakelock acquired
[2026-02-01 17:32:01] Wakelock acquired
[2026-02-01 17:33:00] Watchdog check...
[2026-02-01 17:33:00] Watchdog check...
[2026-02-01 17:33:01] Wakelock acquired
[2026-02-01 17:33:01] Wakelock acquired
[2026-02-01 17:34:00] Watchdog check...
[2026-02-01 17:34:00] Watchdog check...
[2026-02-01 17:34:01] Wakelock acquired
[2026-02-01 17:34:01] Wakelock acquired
[2026-02-01 17:35:00] Watchdog check...
[2026-02-01 17:35:00] Watchdog check...
[2026-02-01 17:35:01] Wakelock acquired
[2026-02-01 17:35:01] Wakelock acquired
[2026-02-01 17:36:00] Watchdog check...
[2026-02-01 17:36:00] Watchdog check...
[2026-02-01 17:36:01] Wakelock acquired
[2026-02-01 17:36:01] Wakelock acquired
[2026-02-01 17:37:00] Watchdog check...
[2026-02-01 17:37:00] Watchdog check...
[2026-02-01 17:37:01] Wakelock acquired
[2026-02-01 17:37:01] Wakelock acquired
[2026-02-01 17:38:00] Watchdog check...
[2026-02-01 17:38:00] Watchdog check...
[2026-02-01 17:38:01] Wakelock acquired
[2026-02-01 17:38:01] Wakelock acquired
[2026-02-01 17:39:00] Watchdog check...
[2026-02-01 17:39:00] Watchdog check...
[2026-02-01 17:39:01] Wakelock acquired
[2026-02-01 17:39:01] Wakelock acquired
[2026-02-01 17:40:00] Watchdog check...
[2026-02-01 17:40:00] Watchdog check...
[2026-02-01 17:40:01] Wakelock acquired
[2026-02-01 17:40:01] Wakelock acquired
[2026-02-01 17:41:00] Watchdog check...
[2026-02-01 17:41:00] Watchdog check...
[2026-02-01 17:41:01] Wakelock acquired
[2026-02-01 17:41:01] Wakelock acquired
[2026-02-01 17:42:00] Watchdog check...
[2026-02-01 17:42:00] Watchdog check...
[2026-02-01 17:42:01] Wakelock acquired
[2026-02-01 17:42:01] Wakelock acquired
[2026-02-01 17:43:00] Watchdog check...
[2026-02-01 17:43:00] Watchdog check...
[2026-02-01 17:43:01] Wakelock acquired
[2026-02-01 17:43:01] Wakelock acquired
[2026-02-01 17:44:00] Watchdog check...
[2026-02-01 17:44:00] Watchdog check...
[2026-02-01 17:44:01] Wakelock acquired
[2026-02-01 17:44:01] Wakelock acquired
[2026-02-01 17:45:00] Watchdog check...
[2026-02-01 17:45:00] Watchdog check...
[2026-02-01 17:45:01] Wakelock acquired
[2026-02-01 17:45:01] Wakelock acquired
[2026-02-01 17:46:00] Watchdog check...
[2026-02-01 17:46:00] Watchdog check...
[2026-02-01 17:46:01] Wakelock acquired
[2026-02-01 17:46:01] Wakelock acquired
[2026-02-01 17:47:00] Watchdog check...
[2026-02-01 17:47:00] Watchdog check...
[2026-02-01 17:47:01] Wakelock acquired
[2026-02-01 17:47:01] Wakelock acquired
[2026-02-01 17:48:00] Watchdog check...
[2026-02-01 17:48:00] Watchdog check...
[2026-02-01 17:48:01] Wakelock acquired
[2026-02-01 17:48:01] Wakelock acquired
[2026-02-01 17:49:00] Watchdog check...
[2026-02-01 17:49:00] Watchdog check...
[2026-02-01 17:49:01] Wakelock acquired
[2026-02-01 17:49:01] Wakelock acquired
[2026-02-01 17:50:00] Watchdog check...
[2026-02-01 17:50:00] Watchdog check...
[2026-02-01 17:50:01] Wakelock acquired
[2026-02-01 17:50:01] Wakelock acquired
[2026-02-01 17:51:00] Watchdog check...
[2026-02-01 17:51:00] Watchdog check...
[2026-02-01 17:51:01] Wakelock acquired
[2026-02-01 17:51:01] Wakelock acquired
[2026-02-01 17:52:00] Watchdog check...
[2026-02-01 17:52:00] Watchdog check...
[2026-02-01 17:52:01] Wakelock acquired
[2026-02-01 17:52:01] Wakelock acquired
[2026-02-01 17:53:00] Watchdog check...
[2026-02-01 17:53:00] Watchdog check...
[2026-02-01 17:53:01] Wakelock acquired
[2026-02-01 17:53:01] Wakelock acquired
[2026-02-01 17:54:00] Watchdog check...
[2026-02-01 17:54:00] Watchdog check...
[2026-02-01 17:54:01] Wakelock acquired
[2026-02-01 17:54:01] Wakelock acquired
[2026-02-01 17:55:00] Watchdog check...
[2026-02-01 17:55:00] Watchdog check...
[2026-02-01 17:55:01] Wakelock acquired
[2026-02-01 17:55:01] Wakelock acquired
[2026-02-01 17:56:00] Watchdog check...
[2026-02-01 17:56:00] Watchdog check...
[2026-02-01 17:56:01] Wakelock acquired
[2026-02-01 17:56:01] Wakelock acquired
[2026-02-01 17:57:00] Watchdog check...
[2026-02-01 17:57:00] Watchdog check...
[2026-02-01 17:57:01] Wakelock acquired
[2026-02-01 17:57:01] Wakelock acquired
[2026-02-01 17:58:00] Watchdog check...
[2026-02-01 17:58:00] Watchdog check...
[2026-02-01 17:58:01] Wakelock acquired
[2026-02-01 17:58:01] Wakelock acquired
[2026-02-01 17:59:00] Watchdog check...
[2026-02-01 17:59:00] Watchdog check...
[2026-02-01 17:59:03] Wakelock acquired
[2026-02-01 17:59:03] Wakelock acquired
[2026-02-01 18:00:00] Watchdog check...
[2026-02-01 18:00:00] Watchdog check...
[2026-02-01 18:00:01] Wakelock acquired
[2026-02-01 18:00:01] Wakelock acquired
[2026-02-01 18:04:11] === ULTIMATE SETUP v2.0 ===
[2026-02-01 18:04:11] Setting up cron monitoring...
[2026-02-01 18:04:12] Cron monitoring configured
[2026-02-01 18:04:12] Setting up boot auto-start...
[2026-02-01 18:04:12] Boot script configured
[2026-02-01 18:04:12] Configuring instant bashrc restart...
[2026-02-01 18:04:12] Bashrc configured
[2026-02-01 18:04:12] === STARTING ULTIMATE SYSTEM ===
[2026-02-01 18:04:13] Wakelock acquired
[2026-02-01 18:04:13] Starting SACS multi-process system...
[2026-02-01 18:04:13] Starting all SACS processes with auto-restart wrappers...
[2026-02-01 18:04:14] Wakelock acquired
[2026-02-01 18:04:14] Created tmux session: sacs_stable
[2026-02-01 18:04:14] Started wrapped process: phase1
[2026-02-01 18:04:14] Started wrapped process: ultimate2
[2026-02-01 18:04:14] Started wrapped process: no-mitm
[2026-02-01 18:04:14] Started wrapped process: hypertoxin
[2026-02-01 18:04:14] Started wrapped process: pso
[2026-02-01 18:04:14] All processes started with auto-restart protection
open terminal failed: not a terminal
[2026-02-01 18:04:16] SACS processes started
[2026-02-01 18:04:18] Starting Ultra-Effective PSA broadcast...
[2026-02-01 18:04:18] PSA Ultra broadcast started
[2026-02-01 18:04:18] === ULTIMATE SYSTEM OPERATIONAL ===
[2026-02-01 18:05:00] Watchdog check...
[2026-02-01 18:05:00] Watchdog check...
[2026-02-01 18:05:01] Wakelock acquired
[2026-02-01 18:05:01] Wakelock acquired
[2026-02-01 18:06:00] Watchdog check...
[2026-02-01 18:06:00] Watchdog check...
[2026-02-01 18:06:01] Wakelock acquired
[2026-02-01 18:06:01] Wakelock acquired
[2026-02-01 18:07:00] Watchdog check...
[2026-02-01 18:07:00] Watchdog check...
[2026-02-01 18:07:01] Wakelock acquired
[2026-02-01 18:07:01] Wakelock acquired
[2026-02-01 18:08:00] Watchdog check...
[2026-02-01 18:08:00] Watchdog check...
[2026-02-01 18:08:01] Wakelock acquired
[2026-02-01 18:08:01] Wakelock acquired
[2026-02-01 18:09:00] Watchdog check...
[2026-02-01 18:09:00] Watchdog check...
[2026-02-01 18:09:01] Wakelock acquired
[2026-02-01 18:09:01] Wakelock acquired
[2026-02-01 18:10:00] Watchdog check...
[2026-02-01 18:10:00] Watchdog check...
[2026-02-01 18:10:01] Wakelock acquired
[2026-02-01 18:10:01] Wakelock acquired
[2026-02-01 18:11:00] Watchdog check...
[2026-02-01 18:11:00] Watchdog check...
[2026-02-01 18:11:01] Wakelock acquired
[2026-02-01 18:11:01] Wakelock acquired
[2026-02-01 18:11:18] === STARTING ULTIMATE SYSTEM ===
[2026-02-01 18:11:18] Wakelock acquired
[2026-02-01 18:11:18] SACS already running
[2026-02-01 18:11:20] === STARTING ULTIMATE SYSTEM ===
[2026-02-01 18:11:21] PSA already running
[2026-02-01 18:11:21] === ULTIMATE SYSTEM OPERATIONAL ===
[2026-02-01 18:11:21] Wakelock acquired
[2026-02-01 18:11:21] SACS already running
[2026-02-01 18:11:23] PSA already running
[2026-02-01 18:11:23] === ULTIMATE SYSTEM OPERATIONAL ===
[2026-02-01 18:11:26] === STARTING ULTIMATE SYSTEM ===
[2026-02-01 18:11:27] Wakelock acquired
[2026-02-01 18:11:27] SACS already running
[2026-02-01 18:11:29] PSA already running
[2026-02-01 18:11:29] === ULTIMATE SYSTEM OPERATIONAL ===
[2026-02-01 18:11:56] === STARTING ULTIMATE SYSTEM ===
[2026-02-01 18:11:57] Wakelock acquired
[2026-02-01 18:11:57] SACS already running
[2026-02-01 18:11:59] PSA already running
[2026-02-01 18:11:59] === ULTIMATE SYSTEM OPERATIONAL ===
[2026-02-01 18:12:00] Watchdog check...
[2026-02-01 18:12:00] Watchdog check...
[2026-02-01 18:12:00] Wakelock acquired
[2026-02-01 18:12:00] Wakelock acquired
[2026-02-01 18:13:01] Watchdog check...
[2026-02-01 18:13:01] Watchdog check...
[2026-02-01 18:13:01] Wakelock acquired
[2026-02-01 18:13:01] Wakelock acquired
[2026-02-01 18:14:00] Watchdog check...
[2026-02-01 18:14:00] Watchdog check...
[2026-02-01 18:14:01] Wakelock acquired
[2026-02-01 18:14:01] Wakelock acquired
[2026-02-01 18:15:00] Watchdog check...
[2026-02-01 18:15:00] Watchdog check...
[2026-02-01 18:15:01] Wakelock acquired
[2026-02-01 18:15:01] Wakelock acquired
[2026-02-01 18:16:00] Watchdog check...
[2026-02-01 18:16:00] Watchdog check...
[2026-02-01 18:16:01] Wakelock acquired
[2026-02-01 18:16:01] Wakelock acquired
[2026-02-01 18:17:00] Watchdog check...
[2026-02-01 18:17:00] Watchdog check...
[2026-02-01 18:17:01] Wakelock acquired
[2026-02-01 18:17:01] Wakelock acquired
[2026-02-01 18:18:00] Watchdog check...
[2026-02-01 18:18:00] Watchdog check...
[2026-02-01 18:18:01] Wakelock acquired
[2026-02-01 18:18:01] Wakelock acquired
[2026-02-01 18:19:00] Watchdog check...
[2026-02-01 18:19:00] Watchdog check...
[2026-02-01 18:19:01] Wakelock acquired
[2026-02-01 18:19:01] Wakelock acquired
[2026-02-01 18:20:00] Watchdog check...
[2026-02-01 18:20:00] Watchdog check...
[2026-02-01 18:20:01] Wakelock acquired
[2026-02-01 18:20:01] Wakelock acquired
[2026-02-01 18:21:00] Watchdog check...
[2026-02-01 18:21:00] Watchdog check...
[2026-02-01 18:21:01] Wakelock acquired
[2026-02-01 18:21:01] Wakelock acquired
[2026-02-01 18:22:00] Watchdog check...
[2026-02-01 18:22:00] Watchdog check...
[2026-02-01 18:22:00] Wakelock acquired
[2026-02-01 18:22:00] Wakelock acquired
[2026-02-01 18:23:00] Watchdog check...
[2026-02-01 18:23:00] Watchdog check...
[2026-02-01 18:23:01] Wakelock acquired
[2026-02-01 18:23:01] Wakelock acquired
[2026-02-01 18:24:00] Watchdog check...
[2026-02-01 18:24:00] Watchdog check...
[2026-02-01 18:24:01] Wakelock acquired
[2026-02-01 18:24:01] Wakelock acquired
[2026-02-01 18:25:00] Watchdog check...
[2026-02-01 18:25:00] Watchdog check...
[2026-02-01 18:25:01] Wakelock acquired
[2026-02-01 18:25:01] Wakelock acquired
[2026-02-01 18:26:00] Watchdog check...
[2026-02-01 18:26:00] Watchdog check...
[2026-02-01 18:26:01] Wakelock acquired
[2026-02-01 18:26:01] Wakelock acquired
[2026-02-01 18:27:00] Watchdog check...
[2026-02-01 18:27:00] Watchdog check...
[2026-02-01 18:27:01] Wakelock acquired
[2026-02-01 18:27:01] Wakelock acquired
[2026-02-01 18:28:00] Watchdog check...
[2026-02-01 18:28:00] Watchdog check...
[2026-02-01 18:28:01] Wakelock acquired
[2026-02-01 18:28:01] Wakelock acquired
[2026-02-01 18:29:00] Watchdog check...
[2026-02-01 18:29:00] Watchdog check...
[2026-02-01 18:29:01] Wakelock acquired
[2026-02-01 18:29:01] Wakelock acquired
[2026-02-01 18:30:00] Watchdog check...
[2026-02-01 18:30:00] Watchdog check...
[2026-02-01 18:30:01] Wakelock acquired
[2026-02-01 18:30:01] Wakelock acquired
[2026-02-01 18:31:00] Watchdog check...
[2026-02-01 18:31:00] Watchdog check...
[2026-02-01 18:31:01] Wakelock acquired
[2026-02-01 18:31:01] Wakelock acquired
[2026-02-01 18:32:00] Watchdog check...
[2026-02-01 18:32:00] Watchdog check...
[2026-02-01 18:32:01] Wakelock acquired
[2026-02-01 18:32:01] Wakelock acquired
[2026-02-01 18:32:57] === STARTING ULTIMATE SYSTEM ===
[2026-02-01 18:32:58] Wakelock acquired
[2026-02-01 18:32:58] SACS already running
[2026-02-01 18:33:00] PSA already running
[2026-02-01 18:33:00] === ULTIMATE SYSTEM OPERATIONAL ===
[2026-02-01 18:33:00] Watchdog check...
[2026-02-01 18:33:00] Watchdog check...
[2026-02-01 18:33:01] Wakelock acquired
[2026-02-01 18:33:01] Wakelock acquired
[2026-02-01 18:34:00] Watchdog check...
[2026-02-01 18:34:00] Watchdog check...
[2026-02-01 18:34:01] Wakelock acquired
[2026-02-01 18:34:01] Wakelock acquired
[2026-02-01 18:35:00] Watchdog check...
[2026-02-01 18:35:00] Watchdog check...
[2026-02-01 18:35:01] Wakelock acquired
[2026-02-01 18:35:01] Wakelock acquired
[2026-02-01 18:36:00] Watchdog check...
[2026-02-01 18:36:00] Watchdog check...
[2026-02-01 18:36:01] Wakelock acquired
[2026-02-01 18:36:01] Wakelock acquired
[2026-02-01 18:37:00] Watchdog check...
[2026-02-01 18:37:00] Watchdog check...
[2026-02-01 18:37:01] Wakelock acquired
[2026-02-01 18:37:01] Wakelock acquired
[2026-02-01 18:38:00] Watchdog check...
[2026-02-01 18:38:00] Watchdog check...
[2026-02-01 18:38:00] Wakelock acquired
[2026-02-01 18:38:00] Wakelock acquired
[2026-02-01 18:39:01] Watchdog check...
[2026-02-01 18:39:01] Watchdog check...
[2026-02-01 18:39:01] Wakelock acquired
[2026-02-01 18:39:01] Wakelock acquired
[2026-02-01 18:40:00] Watchdog check...
[2026-02-01 18:40:00] Watchdog check...
[2026-02-01 18:40:01] Wakelock acquired
[2026-02-01 18:40:01] Wakelock acquired
[2026-02-01 18:41:00] Watchdog check...
[2026-02-01 18:41:00] Watchdog check...
[2026-02-01 18:41:01] Wakelock acquired
[2026-02-01 18:41:01] Wakelock acquired
[2026-02-01 18:42:00] Watchdog check...
[2026-02-01 18:42:00] Watchdog check...
[2026-02-01 18:42:01] Wakelock acquired
[2026-02-01 18:42:01] Wakelock acquired
[2026-02-01 18:43:00] Watchdog check...
[2026-02-01 18:43:00] Watchdog check...
[2026-02-01 18:43:01] Wakelock acquired
[2026-02-01 18:43:01] Wakelock acquired
