[2026-02-01 23:16:54] === ULTIMATE SETUP v2.0 ===
[2026-02-01 23:16:54] Setting up cron monitoring...
[2026-02-01 23:16:55] Cron monitoring configured
[2026-02-01 23:16:55] Setting up boot auto-start...
[2026-02-01 23:16:55] Boot script configured
[2026-02-01 23:16:55] Configuring instant bashrc restart...
[2026-02-01 23:16:56] Bashrc configured
[2026-02-01 23:16:56] === STARTING ULTIMATE SYSTEM ===
[2026-02-01 23:16:57] Wakelock acquired
[2026-02-01 23:16:57] Starting SACS multi-process system...
[2026-02-01 23:16:57] Starting all SACS processes with auto-restart wrappers...
[2026-02-01 23:16:57] Wakelock acquired
[2026-02-01 23:16:57] Created tmux session: sacs_stable
[2026-02-01 23:16:58] Started wrapped process: phase1
[2026-02-01 23:16:58] Started wrapped process: ultimate2
[2026-02-01 23:16:58] Started wrapped process: no-mitm
[2026-02-01 23:16:58] Started wrapped process: hypertoxin
[2026-02-01 23:16:58] Started wrapped process: pso
[2026-02-01 23:16:58] All processes started with auto-restart protection
open terminal failed: not a terminal
[2026-02-01 23:17:00] SACS processes started
[2026-02-01 23:17:00] Watchdog check...
[2026-02-01 23:17:00] Watchdog check...
[2026-02-01 23:17:01] WARNING: PSA dead, restarting
[2026-02-01 23:17:01] WARNING: PSA dead, restarting
[2026-02-01 23:17:01] Starting Ultra-Effective PSA broadcast...
[2026-02-01 23:17:01] Starting Ultra-Effective PSA broadcast...
[2026-02-01 23:17:01] PSA Ultra broadcast started
[2026-02-01 23:17:01] PSA Ultra broadcast started
[2026-02-01 23:17:02] Wakelock acquired
[2026-02-01 23:17:02] Wakelock acquired
[2026-02-01 23:17:22] === ULTIMATE SETUP v2.0 ===
[2026-02-01 23:17:22] Setting up cron monitoring...
[2026-02-01 23:17:23] Cron monitoring configured
[2026-02-01 23:17:23] Setting up boot auto-start...
[2026-02-01 23:17:23] Boot script configured
[2026-02-01 23:17:23] Configuring instant bashrc restart...
[2026-02-01 23:17:23] Bashrc configured
[2026-02-01 23:17:23] === STARTING ULTIMATE SYSTEM ===
[2026-02-01 23:17:24] Wakelock acquired
[2026-02-01 23:17:24] Starting SACS multi-process system...
[2026-02-01 23:17:24] Starting all SACS processes with auto-restart wrappers...
[2026-02-01 23:17:25] Wakelock acquired
[2026-02-01 23:17:25] Created tmux session: sacs_stable
[2026-02-01 23:17:25] Started wrapped process: phase1
[2026-02-01 23:17:25] Started wrapped process: ultimate2
[2026-02-01 23:17:25] Started wrapped process: no-mitm
[2026-02-01 23:17:25] Started wrapped process: hypertoxin
[2026-02-01 23:17:25] Started wrapped process: pso
[2026-02-01 23:17:25] All processes started with auto-restart protection
open terminal failed: not a terminal
[2026-02-01 23:17:27] SACS processes started
[2026-02-01 23:17:29] PSA already running
[2026-02-01 23:17:29] === ULTIMATE SYSTEM OPERATIONAL ===
[2026-02-01 23:18:00] Watchdog check...
[2026-02-01 23:18:00] Watchdog check...
[2026-02-01 23:18:01] Wakelock acquired
[2026-02-01 23:18:01] Wakelock acquired
[2026-02-01 23:18:12] === ULTIMATE SETUP v2.0 ===
[2026-02-01 23:18:12] Setting up cron monitoring...
[2026-02-01 23:18:13] Cron monitoring configured
[2026-02-01 23:18:13] Setting up boot auto-start...
[2026-02-01 23:18:13] Boot script configured
[2026-02-01 23:18:13] Configuring instant bashrc restart...
[2026-02-01 23:18:13] Bashrc configured
[2026-02-01 23:18:13] === STARTING ULTIMATE SYSTEM ===
[2026-02-01 23:18:14] Wakelock acquired
[2026-02-01 23:18:14] SACS already running
[2026-02-01 23:18:16] PSA already running
[2026-02-01 23:18:16] === ULTIMATE SYSTEM OPERATIONAL ===
[2026-02-01 23:19:00] Watchdog check...
[2026-02-01 23:19:00] Watchdog check...
[2026-02-01 23:19:01] Wakelock acquired
[2026-02-01 23:19:01] Wakelock acquired
[2026-02-01 23:19:16] === ULTIMATE SETUP v2.0 ===
[2026-02-01 23:19:16] Setting up cron monitoring...
[2026-02-01 23:19:17] Cron monitoring configured
[2026-02-01 23:19:17] Setting up boot auto-start...
[2026-02-01 23:19:17] Boot script configured
[2026-02-01 23:19:17] Configuring instant bashrc restart...
[2026-02-01 23:19:17] Bashrc configured
[2026-02-01 23:19:17] === STARTING ULTIMATE SYSTEM ===
[2026-02-01 23:19:18] Wakelock acquired
[2026-02-01 23:19:18] SACS already running
[2026-02-01 23:19:20] PSA already running
[2026-02-01 23:19:20] === ULTIMATE SYSTEM OPERATIONAL ===
[2026-02-01 23:20:00] Watchdog check...
[2026-02-01 23:20:00] Watchdog check...
[2026-02-01 23:20:02] Wakelock acquired
[2026-02-01 23:20:02] Wakelock acquired
[2026-02-01 23:21:00] Watchdog check...
[2026-02-01 23:21:00] Watchdog check...
[2026-02-01 23:21:02] Wakelock acquired
[2026-02-01 23:21:02] Wakelock acquired
[2026-02-01 23:22:00] Watchdog check...
[2026-02-01 23:22:00] Watchdog check...
[2026-02-01 23:22:02] Wakelock acquired
[2026-02-01 23:22:02] Wakelock acquired
[2026-02-01 23:23:00] Watchdog check...
[2026-02-01 23:23:00] Watchdog check...
[2026-02-01 23:23:01] Wakelock acquired
[2026-02-01 23:23:01] Wakelock acquired
[2026-02-01 23:24:00] Watchdog check...
[2026-02-01 23:24:00] Watchdog check...
[2026-02-01 23:24:00] Wakelock acquired
[2026-02-01 23:24:00] Wakelock acquired
[2026-02-01 23:24:49] === STARTING ULTIMATE SYSTEM ===
[2026-02-01 23:24:50] Wakelock acquired
[2026-02-01 23:24:50] SACS already running
[2026-02-01 23:24:52] PSA already running
[2026-02-01 23:24:53] === ULTIMATE SYSTEM OPERATIONAL ===
[2026-02-01 23:25:01] Watchdog check...
[2026-02-01 23:25:01] Watchdog check...
[2026-02-01 23:25:01] Wakelock acquired
[2026-02-01 23:25:01] Wakelock acquired
[2026-02-01 23:25:08] === STARTING ULTIMATE SYSTEM ===
[2026-02-01 23:25:09] Wakelock acquired
[2026-02-01 23:25:09] SACS already running
[2026-02-01 23:25:11] PSA already running
[2026-02-01 23:25:11] === ULTIMATE SYSTEM OPERATIONAL ===
[2026-02-01 23:26:00] Watchdog check...
[2026-02-01 23:26:00] Watchdog check...
[2026-02-01 23:26:01] Wakelock acquired
[2026-02-01 23:26:01] Wakelock acquired
[2026-02-01 23:27:00] Watchdog check...
[2026-02-01 23:27:00] Watchdog check...
[2026-02-01 23:27:01] Wakelock acquired
[2026-02-01 23:27:01] Wakelock acquired
[2026-02-01 23:28:00] Watchdog check...
[2026-02-01 23:28:00] Watchdog check...
[2026-02-01 23:28:01] Wakelock acquired
[2026-02-01 23:28:01] Wakelock acquired
[2026-02-01 23:29:00] Watchdog check...
[2026-02-01 23:29:00] Watchdog check...
[2026-02-01 23:29:01] Wakelock acquired
[2026-02-01 23:29:01] Wakelock acquired
[2026-02-01 23:30:00] Watchdog check...
[2026-02-01 23:30:00] Watchdog check...
